<?xml version="1.0" encoding="UTF-8"?>
<testng-results skipped="0" failed="0" ignored="0" total="1" passed="1">
  <reporter-output>
  </reporter-output>
  <suite name="Suite" duration-ms="47" started-at="2019-01-02T16:30:20Z" finished-at="2019-01-02T16:30:20Z">
    <groups>
    </groups>
    <test name="Test" duration-ms="47" started-at="2019-01-02T16:30:20Z" finished-at="2019-01-02T16:30:20Z">
      <class name="demo.first">
        <test-method status="PASS" signature="demogitjen()[pri:0, instance:demo.first@31b7dea0]" name="demogitjen" duration-ms="15" started-at="2019-01-02T16:30:20Z" finished-at="2019-01-02T16:30:20Z">
          <reporter-output>
          </reporter-output>
        </test-method> <!-- demogitjen -->
      </class> <!-- demo.first -->
    </test> <!-- Test -->
  </suite> <!-- Suite -->
</testng-results>
